{
  "RSpec": {
    "coverage": {
      "/Users/duncanskinner/Documents/makers_academy/course/week_4/Bookmark-manager-K/spec/bookmark_tag_spec.rb": [
        1,
        null,
        1,
        1,
        1,
        1,
        1,
        null,
        1,
        null,
        1,
        1,
        1,
        null,
        null,
        null
      ],
      "/Users/duncanskinner/Documents/makers_academy/course/week_4/Bookmark-manager-K/spec/bookmarks_spec.rb": [
        1,
        1,
        null,
        1,
        2,
        1,
        2,
        null,
        1,
        1,
        1,
        null,
        1,
        1,
        1,
        null,
        1,
        null,
        1,
        1,
        1,
        1,
        1,
        null,
        null,
        null,
        1,
        1,
        1,
        1,
        null,
        1,
        1,
        1,
        1,
        null,
        1,
        1,
        1,
        null,
        null,
        null,
        1,
        1,
        1,
        1,
        1,
        1,
        null,
        1,
        1,
        1,
        null,
        1,
        1,
        1,
        null,
        null,
        null,
        1,
        1,
        1,
        1,
        null,
        1,
        1,
        1,
        null,
        null,
        null,
        null,
        1,
        1,
        1,
        1,
        null,
        1,
        null,
        null,
        null,
        1,
        1,
        1,
        1,
        null,
        1,
        null,
        null,
        null
      ],
      "/Users/duncanskinner/Documents/makers_academy/course/week_4/Bookmark-manager-K/spec/database_helpers.rb": [
        1,
        null,
        1,
        4,
        4,
        null
      ],
      "/Users/duncanskinner/Documents/makers_academy/course/week_4/Bookmark-manager-K/spec/comment_spec.rb": [
        1,
        1,
        1,
        null,
        1,
        1,
        1,
        1,
        1,
        null,
        1,
        null,
        1,
        1,
        1,
        1,
        null,
        null,
        null,
        1,
        1,
        1,
        1,
        1,
        null,
        1,
        1,
        1,
        null,
        1,
        1,
        1,
        1,
        null,
        null,
        null
      ],
      "/Users/duncanskinner/Documents/makers_academy/course/week_4/Bookmark-manager-K/spec/database_connection_spec.rb": [
        1,
        null,
        1,
        1,
        1,
        1,
        null,
        1,
        null,
        null,
        null,
        1,
        1,
        1,
        1,
        null,
        1,
        null,
        null,
        null
      ],
      "/Users/duncanskinner/Documents/makers_academy/course/week_4/Bookmark-manager-K/spec/features/add_new_bookmark_spec.rb": [
        1,
        null,
        1,
        1,
        1,
        1,
        1,
        1,
        1,
        null,
        null,
        1,
        1,
        1,
        1,
        1,
        1,
        1,
        null,
        null
      ],
      "/Users/duncanskinner/Documents/makers_academy/course/week_4/Bookmark-manager-K/spec/features/adding_comment_spec.rb": [
        1,
        1,
        1,
        null,
        1,
        1,
        1,
        null,
        1,
        null,
        1,
        1,
        null,
        1,
        null,
        null
      ],
      "/Users/duncanskinner/Documents/makers_academy/course/week_4/Bookmark-manager-K/spec/features/delete_bookmark_spec.rb": [
        1,
        1,
        1,
        1,
        1,
        1,
        1,
        1,
        null,
        null
      ],
      "/Users/duncanskinner/Documents/makers_academy/course/week_4/Bookmark-manager-K/spec/features/home_page_spec.rb": [
        null,
        null,
        1,
        1,
        1,
        1,
        null,
        null
      ],
      "/Users/duncanskinner/Documents/makers_academy/course/week_4/Bookmark-manager-K/spec/features/tagging_bookmarks_spec.rb": [
        1,
        1,
        1,
        1,
        null,
        1,
        1,
        null,
        1,
        null,
        1,
        1,
        null,
        1,
        1,
        null,
        null,
        null
      ],
      "/Users/duncanskinner/Documents/makers_academy/course/week_4/Bookmark-manager-K/spec/features/update_bookmark_spec.rb": [
        1,
        1,
        1,
        1,
        1,
        null,
        1,
        1,
        null,
        1,
        1,
        1,
        null,
        1,
        1,
        1,
        null,
        null
      ],
      "/Users/duncanskinner/Documents/makers_academy/course/week_4/Bookmark-manager-K/spec/features/view_bookmarks_spec.rb": [
        1,
        null,
        1,
        1,
        1,
        1,
        1,
        null,
        1,
        null,
        1,
        1,
        1,
        null,
        null
      ],
      "/Users/duncanskinner/Documents/makers_academy/course/week_4/Bookmark-manager-K/spec/tag_spec.rb": [
        1,
        1,
        1,
        null,
        1,
        1,
        1,
        1,
        null,
        1,
        null,
        1,
        1,
        1,
        null,
        null,
        null,
        1,
        1,
        1,
        1,
        1,
        1,
        1,
        null,
        1,
        1,
        null,
        1,
        1,
        1,
        1,
        null,
        null,
        null
      ]
    },
    "timestamp": 1570805212
  }
}
